<?xml version="1.0" encoding="UTF-8"?>
<!-- Generated by org.testng.reporters.JUnitReportReporter -->
<testsuite hostname="Windows7-PC" name="com.qa.tests.GetApiTest" tests="2" failures="0" timestamp="3 Apr 2020 17:40:58 GMT" time="1.728" errors="0">
  <testcase name="getAPITestWithHeaders" time="0.317" classname="com.qa.tests.GetApiTest"/>
  <testcase name="getAPITestWithoutHeaders" time="1.411" classname="com.qa.tests.GetApiTest"/>
</testsuite> <!-- com.qa.tests.GetApiTest -->
